<?xml version="1.0" encoding="UTF-8"?>
<!-- Generated by org.testng.reporters.JUnitReportReporter -->
<testsuite hostname="Saumitri-PC" failures="0" tests="1" name="POM.TestMethodClass" time="13.119" errors="0" timestamp="2022-06-01T09:13:33 IST" skipped="0">
  <testcase classname="POM.TestMethodClass" name="testMethod" time="13.119"/>
  <system-out/>
</testsuite> <!-- POM.TestMethodClass -->
