<?xml version="1.0" encoding="UTF-8"?>
<!-- Generated by org.testng.reporters.JUnitReportReporter -->
<testsuite hostname="Saumitri-PC" failures="0" tests="3" name="AnnotationPackage.ProjectModule" time="0.009" errors="0" timestamp="2022-05-23T09:43:33 IST" skipped="0">
  <testcase classname="AnnotationPackage.ProjectModule" name="createProject" time="0.002"/>
  <system-out>
    <![CDATA[createProject]]>
  </system-out>
  <testcase classname="AnnotationPackage.ProjectModule" name="deleteCustomer" time="0.003"/>
  <system-out>
    <![CDATA[deleteProject]]>
  </system-out>
  <testcase classname="AnnotationPackage.ProjectModule" name="modifyProject" time="0.004"/>
  <system-out>
    <![CDATA[modifyProject]]>
  </system-out>
</testsuite> <!-- AnnotationPackage.ProjectModule -->
