<?xml version="1.0" encoding="UTF-8"?>
<!-- Generated by org.testng.reporters.JUnitReportReporter -->
<testsuite hostname="Saumitri-PC" failures="0" tests="3" name="com.actiTime.generics.TaskModule" time="0.008" errors="0" timestamp="2022-05-20T09:44:08 IST" skipped="0">
  <testcase classname="com.actiTime.generics.TaskModule" name="modifyTask" time="0.003"/>
  <system-out>
    <![CDATA[modifyTask]]>
  </system-out>
  <testcase classname="com.actiTime.generics.TaskModule" name="createTask" time="0.003"/>
  <system-out>
    <![CDATA[createTask]]>
  </system-out>
  <testcase classname="com.actiTime.generics.TaskModule" name="deleteTask" time="0.002"/>
  <system-out>
    <![CDATA[deleteTask]]>
  </system-out>
</testsuite> <!-- com.actiTime.generics.TaskModule -->
