<?xml version="1.0" encoding="UTF-8"?>
<!-- Generated by org.testng.reporters.JUnitReportReporter -->
<testsuite hostname="Saumitri-PC" failures="0" tests="3" name="com.actiTime.generics.ProjectModule" time="0.023" errors="0" timestamp="2022-05-20T09:44:08 IST" skipped="0">
  <testcase classname="com.actiTime.generics.ProjectModule" name="createProject" time="0.015"/>
  <system-out>
    <![CDATA[createProject]]>
  </system-out>
  <testcase classname="com.actiTime.generics.ProjectModule" name="deleteCustomer" time="0.005"/>
  <system-out>
    <![CDATA[deleteProject]]>
  </system-out>
  <testcase classname="com.actiTime.generics.ProjectModule" name="modifyProject" time="0.003"/>
  <system-out>
    <![CDATA[modifyProject]]>
  </system-out>
</testsuite> <!-- com.actiTime.generics.ProjectModule -->
