<?xml version="1.0" encoding="UTF-8"?>
<!-- Generated by org.testng.reporters.JUnitReportReporter -->
<testsuite hostname="Saumitri-PC" failures="0" tests="1" name="AnnotationPackage.CustomerModule" time="39.452" errors="0" timestamp="2022-05-24T12:12:51 IST" skipped="0">
  <testcase classname="AnnotationPackage.CustomerModule" name="CreateCustomer" time="39.452"/>
  <system-out>
    <![CDATA[Logedin]]>
  </system-out>
</testsuite> <!-- AnnotationPackage.CustomerModule -->
