<?xml version="1.0" encoding="UTF-8"?>
<!-- Generated by org.testng.reporters.JUnitReportReporter -->
<testsuite hostname="Saumitri-PC" failures="0" tests="3" name="AnnotationPackage.TaskModule" time="0.015" errors="0" timestamp="2022-05-23T09:43:33 IST" skipped="0">
  <testcase classname="AnnotationPackage.TaskModule" name="createTask" time="0.008"/>
  <system-out>
    <![CDATA[createTask]]>
  </system-out>
  <testcase classname="AnnotationPackage.TaskModule" name="modifyTask" time="0.003"/>
  <system-out>
    <![CDATA[modifyTask]]>
  </system-out>
  <testcase classname="AnnotationPackage.TaskModule" name="deleteTask" time="0.004"/>
  <system-out>
    <![CDATA[deleteTask]]>
  </system-out>
</testsuite> <!-- AnnotationPackage.TaskModule -->
