<?xml version="1.0" encoding="UTF-8"?>
<!-- Generated by org.testng.reporters.JUnitReportReporter -->
<testsuite hostname="Saumitri-PC" failures="0" tests="1" name="com.actiTime.generics.Demo" time="0.012" errors="0" timestamp="2022-05-20T09:44:08 IST" skipped="0">
  <testcase classname="com.actiTime.generics.Demo" name="testDemo" time="0.012"/>
  <system-out>
    <![CDATA[Bye
hello
Welcome]]>
  </system-out>
</testsuite> <!-- com.actiTime.generics.Demo -->
